<?xml version="1.0" encoding="UTF-8"?>
<testsuite name="ReverseStringTest" tests="1" skipped="0" failures="0" errors="0" timestamp="2022-11-12T00:59:47" hostname="DESKTOP-O7SKPPD" time="0.011">
  <properties/>
  <testcase name="testAWord" classname="ReverseStringTest" time="0.011"/>
  <system-out><![CDATA[0 -----
?obot
?obor
tobor
1 -----
t?bor
t?bor
tobor
]]></system-out>
  <system-err><![CDATA[]]></system-err>
</testsuite>
