<?xml version="1.0" encoding="UTF-8"?>
<testsuite name="ResistorColorTest" tests="4" skipped="0" failures="0" errors="0" timestamp="2022-11-19T03:57:48" hostname="DESKTOP-O7SKPPD" time="0.088">
  <properties/>
  <testcase name="testWhiteColorCode" classname="ResistorColorTest" time="0.07"/>
  <testcase name="testColors" classname="ResistorColorTest" time="0.016"/>
  <testcase name="testBlackColorCode" classname="ResistorColorTest" time="0.001"/>
  <testcase name="testOrangeColorCode" classname="ResistorColorTest" time="0.0"/>
  <system-out><![CDATA[[black, brown, red, orange, yellow, green, blue, violet, grey, white]
]]></system-out>
  <system-err><![CDATA[]]></system-err>
</testsuite>
