<?xml version="1.0" encoding="UTF-8"?>
<testsuite name="NaturalNumberTest" tests="1" skipped="0" failures="0" errors="0" timestamp="2022-12-13T01:59:40" hostname="DESKTOP-O7SKPPD" time="0.01">
  <properties/>
  <testcase name="testThatOneIsCorrectlyClassifiedAsDeficient" classname="NaturalNumberTest" time="0.01"/>
  <system-out><![CDATA[]]></system-out>
  <system-err><![CDATA[]]></system-err>
</testsuite>
